TN:
SF:/Users/stendeck/code4romania/monitorizare-vot-votanti-client/internals/testing/test-bundler.js
FNF:0
FNH:0
DA:8,1
DA:12,1
DA:13,1
LF:3
LH:3
BRF:0
BRH:0
end_of_record
TN:
SF:/Users/stendeck/code4romania/monitorizare-vot-votanti-client/app/components/Footer/index.js
FN:,Footer
FNF:1
FNH:0
FNDA:0,Footer
DA:3,1
DA:10,1
DA:16,0
LF:3
LH:2
BRF:0
BRH:0
end_of_record
TN:
SF:/Users/stendeck/code4romania/monitorizare-vot-votanti-client/app/components/Menu/MenuListStyle.js
FNF:0
FNH:0
DA:3,1
LF:1
LH:1
BRF:0
BRH:0
end_of_record
TN:
SF:/Users/stendeck/code4romania/monitorizare-vot-votanti-client/app/components/Menu/MenuListItem.js
FNF:0
FNH:0
DA:3,1
LF:1
LH:1
BRF:0
BRH:0
end_of_record
TN:
SF:/Users/stendeck/code4romania/monitorizare-vot-votanti-client/app/components/Menu/Link.js
FNF:0
FNH:0
DA:4,1
LF:1
LH:1
BRF:0
BRH:0
end_of_record
TN:
SF:/Users/stendeck/code4romania/monitorizare-vot-votanti-client/app/components/Menu/index.js
FN:,(anonymous_0)
FN:,(anonymous_1)
FNF:2
FNH:0
FNDA:0,(anonymous_0)
FNDA:0,(anonymous_1)
DA:8,0
DA:9,0
DA:10,0
DA:11,0
DA:12,0
DA:16,0
DA:28,1
LF:7
LH:1
BRDA:,0,0,0
BRDA:,0,1,0
BRF:2
BRH:0
end_of_record
TN:
SF:/Users/stendeck/code4romania/monitorizare-vot-votanti-client/app/components/Header/index.js
FN:,Header
FNF:1
FNH:0
FNDA:0,Header
DA:4,1
DA:9,0
LF:2
LH:1
BRF:0
BRH:0
end_of_record
TN:
SF:/Users/stendeck/code4romania/monitorizare-vot-votanti-client/app/containers/Acasa/MainContainer/components/LeftContainer/index.js
FN:,LeftContainer
FNF:1
FNH:0
FNDA:0,LeftContainer
DA:7,0
LF:1
LH:0
BRF:0
BRH:0
end_of_record
TN:
SF:/Users/stendeck/code4romania/monitorizare-vot-votanti-client/app/containers/Acasa/MainContainer/components/RightContainer/ListCards.js
FN:,(anonymous_0)
FNF:1
FNH:0
FNDA:0,(anonymous_0)
DA:10,1
DA:26,0
LF:2
LH:1
BRF:0
BRH:0
end_of_record
TN:
SF:/Users/stendeck/code4romania/monitorizare-vot-votanti-client/app/containers/Acasa/MainContainer/components/RightContainer/messages.js
FNF:0
FNH:0
LF:0
LH:0
BRF:0
BRH:0
end_of_record
TN:
SF:/Users/stendeck/code4romania/monitorizare-vot-votanti-client/app/containers/Acasa/MainContainer/components/RightContainer/index.js
FN:,RightContainer
FNF:1
FNH:0
FNDA:0,RightContainer
DA:10,0
LF:1
LH:0
BRF:0
BRH:0
end_of_record
TN:
SF:/Users/stendeck/code4romania/monitorizare-vot-votanti-client/app/containers/Acasa/MainContainer/index.js
FN:,MainContainer
FNF:1
FNH:0
FNDA:0,MainContainer
DA:9,0
LF:1
LH:0
BRF:0
BRH:0
end_of_record
TN:
SF:/Users/stendeck/code4romania/monitorizare-vot-votanti-client/app/containers/Acasa/messages.js
FNF:0
FNH:0
LF:0
LH:0
BRF:0
BRH:0
end_of_record
TN:
SF:/Users/stendeck/code4romania/monitorizare-vot-votanti-client/app/containers/Acasa/index.js
FN:,(anonymous_0)
FNF:1
FNH:0
FNDA:0,(anonymous_0)
DA:9,0
LF:1
LH:0
BRF:0
BRH:0
end_of_record
TN:
SF:/Users/stendeck/code4romania/monitorizare-vot-votanti-client/app/containers/App/constants.js
FNF:0
FNH:0
DA:12,1
LF:1
LH:1
BRF:0
BRH:0
end_of_record
TN:
SF:/Users/stendeck/code4romania/monitorizare-vot-votanti-client/app/containers/App/index.js
FN:,(anonymous_0)
FNF:1
FNH:0
FNDA:0,(anonymous_0)
DA:12,0
DA:22,1
LF:2
LH:1
BRF:0
BRH:0
end_of_record
TN:
SF:/Users/stendeck/code4romania/monitorizare-vot-votanti-client/app/containers/App/selectors.js
FN:,(anonymous_0)
FN:,(anonymous_1)
FNF:2
FNH:2
FNDA:1,(anonymous_0)
FNDA:1,(anonymous_1)
DA:2,1
DA:6,1
DA:7,1
DA:9,1
DA:10,1
DA:11,1
DA:14,1
LF:7
LH:7
BRDA:,0,0,1
BRDA:,0,1,0
BRF:2
BRH:1
end_of_record
TN:
SF:/Users/stendeck/code4romania/monitorizare-vot-votanti-client/app/containers/DespreNoi/index.js
FN:,(anonymous_0)
FNF:1
FNH:0
FNDA:0,(anonymous_0)
DA:6,0
LF:1
LH:0
BRF:0
BRH:0
end_of_record
TN:
SF:/Users/stendeck/code4romania/monitorizare-vot-votanti-client/app/containers/LanguageProvider/constants.js
FNF:0
FNH:0
DA:7,1
DA:8,1
LF:2
LH:2
BRF:0
BRH:0
end_of_record
TN:
SF:/Users/stendeck/code4romania/monitorizare-vot-votanti-client/app/containers/LanguageProvider/actions.js
FN:,changeLocale
FNF:1
FNH:0
FNDA:0,changeLocale
DA:12,0
LF:1
LH:0
BRF:0
BRH:0
end_of_record
TN:
SF:/Users/stendeck/code4romania/monitorizare-vot-votanti-client/app/containers/LanguageProvider/selectors.js
FN:,(anonymous_0)
FN:,(anonymous_1)
FN:,(anonymous_2)
FN:,(anonymous_3)
FNF:4
FNH:2
FNDA:1,(anonymous_0)
FNDA:0,(anonymous_1)
FNDA:1,(anonymous_2)
FNDA:0,(anonymous_3)
DA:6,1
DA:12,1
DA:14,0
LF:3
LH:2
BRF:0
BRH:0
end_of_record
TN:
SF:/Users/stendeck/code4romania/monitorizare-vot-votanti-client/app/containers/LanguageProvider/index.js
FN:,(anonymous_0)
FN:,(anonymous_1)
FN:,mapDispatchToProps
FNF:3
FNH:0
FNDA:0,(anonymous_0)
FNDA:0,(anonymous_1)
FNDA:0,mapDispatchToProps
DA:17,0
DA:25,1
DA:32,1
DA:34,0
DA:38,0
LF:5
LH:2
BRF:0
BRH:0
end_of_record
TN:
SF:/Users/stendeck/code4romania/monitorizare-vot-votanti-client/app/containers/LanguageProvider/reducer.js
FN:,languageProviderReducer
FNF:1
FNH:1
FNDA:7,languageProviderReducer
DA:15,1
DA:20,7
DA:22,0
DA:25,7
LF:4
LH:3
BRDA:,0,0,3
BRDA:,1,0,0
BRDA:,1,1,7
BRF:3
BRH:2
end_of_record
TN:
SF:/Users/stendeck/code4romania/monitorizare-vot-votanti-client/app/containers/NotFoundPage/messages.js
FNF:0
FNH:0
LF:0
LH:0
BRF:0
BRH:0
end_of_record
TN:
SF:/Users/stendeck/code4romania/monitorizare-vot-votanti-client/app/containers/NotFoundPage/index.js
FN:,(anonymous_0)
FNF:1
FNH:0
FNDA:0,(anonymous_0)
DA:7,0
LF:1
LH:0
BRF:0
BRH:0
end_of_record
TN:
SF:/Users/stendeck/code4romania/monitorizare-vot-votanti-client/app/containers/ReguliVot/components/gridTile.js
FNF:0
FNH:0
DA:4,1
LF:1
LH:1
BRF:0
BRH:0
end_of_record
TN:
SF:/Users/stendeck/code4romania/monitorizare-vot-votanti-client/app/containers/ReguliVot/components/icon.js
FNF:0
FNH:0
DA:3,1
LF:1
LH:1
BRF:0
BRH:0
end_of_record
TN:
SF:/Users/stendeck/code4romania/monitorizare-vot-votanti-client/app/containers/ReguliVot/components/title.js
FNF:0
FNH:0
DA:3,1
LF:1
LH:1
BRF:0
BRH:0
end_of_record
TN:
SF:/Users/stendeck/code4romania/monitorizare-vot-votanti-client/app/containers/ReguliVot/components/tile.js
FN:,Tile
FNF:1
FNH:0
FNDA:0,Tile
DA:6,1
DA:13,0
DA:25,1
LF:3
LH:2
BRDA:,0,0,0
BRDA:,0,1,0
BRF:2
BRH:0
end_of_record
TN:
SF:/Users/stendeck/code4romania/monitorizare-vot-votanti-client/app/containers/ReguliVot/components/tileContent.js
FNF:0
FNH:0
DA:3,1
LF:1
LH:1
BRF:0
BRH:0
end_of_record
TN:
SF:/Users/stendeck/code4romania/monitorizare-vot-votanti-client/app/containers/ReguliVot/settings.js
FNF:0
FNH:0
DA:1,1
LF:1
LH:1
BRF:0
BRH:0
end_of_record
TN:
SF:/Users/stendeck/code4romania/monitorizare-vot-votanti-client/app/containers/ReguliVot/components/wrapper.js
FNF:0
FNH:0
DA:3,1
LF:1
LH:1
BRF:0
BRH:0
end_of_record
TN:
SF:/Users/stendeck/code4romania/monitorizare-vot-votanti-client/app/containers/ReguliVot/index.js
FN:,(anonymous_0)
FN:,(anonymous_1)
FN:,(anonymous_2)
FN:,(anonymous_3)
FN:,(anonymous_4)
FNF:5
FNH:0
FNDA:0,(anonymous_0)
FNDA:0,(anonymous_1)
FNDA:0,(anonymous_2)
FNDA:0,(anonymous_3)
FNDA:0,(anonymous_4)
DA:12,0
DA:13,0
DA:19,0
DA:25,0
DA:26,0
DA:36,0
LF:6
LH:0
BRF:0
BRH:0
end_of_record
TN:
SF:/Users/stendeck/code4romania/monitorizare-vot-votanti-client/app/containers/Sesizari/messages.js
FNF:0
FNH:0
LF:0
LH:0
BRF:0
BRH:0
end_of_record
TN:
SF:/Users/stendeck/code4romania/monitorizare-vot-votanti-client/app/containers/Sesizari/index.js
FN:,(anonymous_0)
FNF:1
FNH:0
FNDA:0,(anonymous_0)
DA:8,0
LF:1
LH:0
BRF:0
BRH:0
end_of_record
TN:
SF:/Users/stendeck/code4romania/monitorizare-vot-votanti-client/app/containers/Statistici/components/StatsItem.js
FN:,StatsItem
FNF:1
FNH:0
FNDA:0,StatsItem
DA:3,1
DA:22,0
DA:30,1
LF:3
LH:2
BRF:0
BRH:0
end_of_record
TN:
SF:/Users/stendeck/code4romania/monitorizare-vot-votanti-client/app/containers/Statistici/components/ListStats.js
FN:,(anonymous_0)
FN:,(anonymous_1)
FNF:2
FNH:0
FNDA:0,(anonymous_0)
FNDA:0,(anonymous_1)
DA:6,0
DA:9,0
DA:16,1
LF:3
LH:1
BRF:0
BRH:0
end_of_record
TN:
SF:/Users/stendeck/code4romania/monitorizare-vot-votanti-client/app/containers/Statistici/index.js
FN:,(anonymous_0)
FNF:1
FNH:0
FNDA:0,(anonymous_0)
DA:5,1
DA:34,0
LF:2
LH:1
BRF:0
BRH:0
end_of_record
TN:
SF:/Users/stendeck/code4romania/monitorizare-vot-votanti-client/app/containers/Statistici/messages.js
FNF:0
FNH:0
LF:0
LH:0
BRF:0
BRH:0
end_of_record
TN:
SF:/Users/stendeck/code4romania/monitorizare-vot-votanti-client/app/global-styles.js
FNF:0
FNH:0
DA:4,1
LF:1
LH:1
BRF:0
BRH:0
end_of_record
TN:
SF:/Users/stendeck/code4romania/monitorizare-vot-votanti-client/app/i18n.js
FN:,(anonymous_0)
FNF:1
FNH:1
FNDA:1,(anonymous_0)
DA:12,1
DA:18,1
DA:20,1
DA:21,1
DA:22,1
DA:23,1
DA:24,1
DA:25,0
DA:26,0
DA:28,0
DA:32,1
DA:35,1
LF:12
LH:9
BRDA:,0,0,0
BRDA:,0,1,1
BRDA:,1,0,0
BRDA:,1,1,0
BRDA:,2,0,0
BRDA:,2,1,0
BRF:6
BRH:1
end_of_record
TN:
SF:/Users/stendeck/code4romania/monitorizare-vot-votanti-client/app/reducers.js
FN:,routeReducer
FN:,createReducer
FNF:2
FNH:2
FNDA:7,routeReducer
FNDA:5,createReducer
DA:20,1
DA:28,7
DA:35,7
DA:43,5
LF:4
LH:4
BRDA:,0,0,3
BRDA:,1,0,7
BRF:2
BRH:2
end_of_record
TN:
SF:/Users/stendeck/code4romania/monitorizare-vot-votanti-client/app/store.js
FN:,configureStore
FNF:1
FNH:1
FNDA:3,configureStore
DA:11,1
DA:17,3
DA:22,3
DA:29,3
DA:35,3
DA:42,3
DA:43,3
DA:58,3
LF:8
LH:8
BRDA:,0,0,0
BRDA:,1,0,0
BRDA:,1,1,3
BRDA:,2,0,3
BRDA:,2,1,3
BRDA:,2,2,3
BRF:6
BRH:4
end_of_record
TN:
SF:/Users/stendeck/code4romania/monitorizare-vot-votanti-client/app/utils/asyncInjectors.js
FN:,checkStore
FN:,injectAsyncReducer
FN:,injectReducer
FN:,injectAsyncSagas
FN:,injectSagas
FN:,getAsyncInjectors
FNF:6
FNH:6
FNDA:10,checkStore
FNDA:4,injectAsyncReducer
FNDA:6,injectReducer
FNDA:3,injectAsyncSagas
FNDA:4,injectSagas
FNDA:2,getAsyncInjectors
DA:10,10
DA:18,10
DA:28,4
DA:29,6
DA:31,6
DA:36,2
DA:38,2
DA:39,2
DA:47,3
DA:48,4
DA:50,4
DA:55,2
DA:60,2
DA:68,2
DA:70,1
LF:15
LH:15
BRDA:,0,0,5
BRDA:,0,1,1
BRDA:,1,0,6
BRDA:,1,1,5
BRDA:,1,2,4
BRDA:,2,0,0
BRDA:,2,1,2
BRDA:,3,0,3
BRDA:,3,1,1
BRF:9
BRH:8
end_of_record
